0 info it worked if it ends with ok
1 verbose cli [ '/usr/bin/node', '/usr/bin/npm', 'install', 'index.js' ]
2 info using npm@3.10.10
3 info using node@v6.14.3
4 silly loadCurrentTree Starting
5 silly install loadCurrentTree
6 silly install readLocalPackageData
7 silly fetchPackageMetaData index.js
8 silly fetchOtherPackageData index.js
9 silly cache add args [ 'index.js', null ]
10 verbose cache add spec index.js
11 silly cache add parsed spec Result {
11 silly cache add   raw: 'index.js',
11 silly cache add   scope: null,
11 silly cache add   escapedName: 'index.js',
11 silly cache add   name: null,
11 silly cache add   rawSpec: 'index.js',
11 silly cache add   spec: '/u01/mongo/docker-node-mongo/index.js',
11 silly cache add   type: 'local' }
12 silly addLocalTarball shasum (computed) c35c74ab509ccb8958a2ccaef8d1f3971dff6a19
13 verbose addTmpTarball /u01/mongo/docker-node-mongo/index.js not in flight; adding
14 verbose correctMkdir /home/techops/.npm correctMkdir not in flight; initializing
15 verbose addTmpTarball validating metadata from /u01/mongo/docker-node-mongo/index.js
16 verbose tar unpack /u01/mongo/docker-node-mongo/index.js
17 verbose tar unpacking to /tmp/npm-31202-a5a42945/unpack-8d295289
18 silly gentlyRm /tmp/npm-31202-a5a42945/unpack-8d295289 is being purged
19 verbose gentlyRm don't care about contents; nuking /tmp/npm-31202-a5a42945/unpack-8d295289
20 silly gunzTarPerm modes [ '775', '664' ]
21 error not a package /u01/mongo/docker-node-mongo/index.js
22 error addLocal Could not install /u01/mongo/docker-node-mongo/index.js
23 silly fetchPackageMetaData Error: ENOENT: no such file or directory, open '/tmp/npm-31202-a5a42945/unpack-8d295289/package.json'
23 silly fetchPackageMetaData     at Error (native)
23 silly fetchPackageMetaData  error for index.js { Error: ENOENT: no such file or directory, open '/tmp/npm-31202-a5a42945/unpack-8d295289/package.json'
23 silly fetchPackageMetaData     at Error (native)
23 silly fetchPackageMetaData   errno: -2,
23 silly fetchPackageMetaData   code: 'ENOENT',
23 silly fetchPackageMetaData   syscall: 'open',
23 silly fetchPackageMetaData   path: '/tmp/npm-31202-a5a42945/unpack-8d295289/package.json' }
24 silly rollbackFailedOptional Starting
25 silly rollbackFailedOptional Finishing
26 silly runTopLevelLifecycles Finishing
27 silly install printInstalled
28 verbose stack Error: ENOENT: no such file or directory, open '/tmp/npm-31202-a5a42945/unpack-8d295289/package.json'
28 verbose stack     at Error (native)
29 verbose cwd /u01/mongo/docker-node-mongo
30 error Linux 3.10.0-862.11.6.el7.x86_64
31 error argv "/usr/bin/node" "/usr/bin/npm" "install" "index.js"
32 error node v6.14.3
33 error npm  v3.10.10
34 error path /tmp/npm-31202-a5a42945/unpack-8d295289/package.json
35 error code ENOENT
36 error errno -2
37 error syscall open
38 error enoent ENOENT: no such file or directory, open '/tmp/npm-31202-a5a42945/unpack-8d295289/package.json'
39 error enoent ENOENT: no such file or directory, open '/tmp/npm-31202-a5a42945/unpack-8d295289/package.json'
39 error enoent This is most likely not a problem with npm itself
39 error enoent and is related to npm not being able to find a file.
40 verbose exit [ -2, true ]
